<?xml version="1.0" encoding="UTF-8"?>
<Site BuildName="Linux-c++"
	BuildStamp="20230918-0309-Experimental"
	Name="josh-ThinkPad-E14-Gen-4"
	Generator="ctest-3.22.1"
	CompilerName="/usr/bin/c++"
	CompilerVersion="11.4.0"
	OSName="Linux"
	Hostname="josh-ThinkPad-E14-Gen-4"
	OSRelease="5.15.0-83-generic"
	OSVersion="#92-Ubuntu SMP Mon Aug 14 09:30:42 UTC 2023"
	OSPlatform="x86_64"
	Is64Bits="1"
	VendorString="GenuineIntel"
	VendorID="Intel Corporation"
	FamilyID="6"
	ModelID="154"
	ProcessorCacheSize="12288"
	NumberOfLogicalCPU="12"
	NumberOfPhysicalCPU="10"
	TotalVirtualMemory="2047"
	TotalPhysicalMemory="23713"
	LogicalProcessorsPerPhysical="1"
	ProcessorClockFrequency="4037.36"
	>
	<Testing>
		<StartDateTime>Sep 18 14:13 PDT</StartDateTime>
		<StartTestTime>1695071607</StartTestTime>
		<TestList/>
		<EndDateTime>Sep 18 14:13 PDT</EndDateTime>
		<EndTestTime>1695071607</EndTestTime>
		<ElapsedMinutes>0</ElapsedMinutes>
	</Testing>
</Site>
